2020-04-06 18:34:21.940  INFO 10124 --- [main] l.m.community.CommunityApplication       : Starting CommunityApplication on USER-20180906XE with PID 10124 (started by Administrator in D:\idea lujing\community\community)
2020-04-06 18:34:21.941  INFO 10124 --- [main] l.m.community.CommunityApplication       : No active profile set, falling back to default profiles: default
2020-04-06 18:34:22.046  INFO 10124 --- [main] .e.DevToolsPropertyDefaultsPostProcessor : Devtools property defaults active! Set 'spring.devtools.add-properties' to 'false' to disable
2020-04-06 18:34:22.046  INFO 10124 --- [main] .e.DevToolsPropertyDefaultsPostProcessor : For additional web related logging consider setting the 'logging.level.web' property to 'DEBUG'
2020-04-06 18:34:23.620  INFO 10124 --- [main] o.s.b.w.embedded.tomcat.TomcatWebServer  : Tomcat initialized with port(s): 9999 (http)
2020-04-06 18:34:23.634  INFO 10124 --- [main] o.apache.catalina.core.StandardService   : Starting service [Tomcat]
2020-04-06 18:34:23.634  INFO 10124 --- [main] org.apache.catalina.core.StandardEngine  : Starting Servlet engine: [Apache Tomcat/9.0.31]
2020-04-06 18:34:23.763  INFO 10124 --- [main] o.a.c.c.C.[Tomcat].[localhost].[/]       : Initializing Spring embedded WebApplicationContext
2020-04-06 18:34:23.764  INFO 10124 --- [main] o.s.web.context.ContextLoader            : Root WebApplicationContext: initialization completed in 1717 ms
2020-04-06 18:34:24.731  INFO 10124 --- [main] o.s.s.concurrent.ThreadPoolTaskExecutor  : Initializing ExecutorService 'applicationTaskExecutor'
2020-04-06 18:34:24.820  INFO 10124 --- [main] o.s.b.a.w.s.WelcomePageHandlerMapping    : Adding welcome page template: index
2020-04-06 18:34:25.151  INFO 10124 --- [main] o.s.b.d.a.OptionalLiveReloadServer       : LiveReload server is running on port 35729
2020-04-06 18:34:25.236  INFO 10124 --- [main] o.s.b.w.embedded.tomcat.TomcatWebServer  : Tomcat started on port(s): 9999 (http) with context path ''
2020-04-06 18:34:25.243  INFO 10124 --- [main] l.m.community.CommunityApplication       : Started CommunityApplication in 3.982 seconds (JVM running for 9.81)
2020-04-06 18:40:02.779  INFO 10124 --- [SpringContextShutdownHook] o.s.s.concurrent.ThreadPoolTaskExecutor  : Shutting down ExecutorService 'applicationTaskExecutor'
2020-04-06 18:40:09.636  INFO 15244 --- [restartedMain] l.m.community.CommunityApplication       : Starting CommunityApplication on USER-20180906XE with PID 15244 (started by Administrator in D:\idea lujing\community\community)
2020-04-06 18:40:09.639  INFO 15244 --- [restartedMain] l.m.community.CommunityApplication       : No active profile set, falling back to default profiles: default
2020-04-06 18:40:09.673  INFO 15244 --- [restartedMain] .e.DevToolsPropertyDefaultsPostProcessor : Devtools property defaults active! Set 'spring.devtools.add-properties' to 'false' to disable
2020-04-06 18:40:09.673  INFO 15244 --- [restartedMain] .e.DevToolsPropertyDefaultsPostProcessor : For additional web related logging consider setting the 'logging.level.web' property to 'DEBUG'
2020-04-06 18:40:10.562  INFO 15244 --- [restartedMain] o.s.b.w.embedded.tomcat.TomcatWebServer  : Tomcat initialized with port(s): 9999 (http)
2020-04-06 18:40:10.568  INFO 15244 --- [restartedMain] o.apache.catalina.core.StandardService   : Starting service [Tomcat]
2020-04-06 18:40:10.568  INFO 15244 --- [restartedMain] org.apache.catalina.core.StandardEngine  : Starting Servlet engine: [Apache Tomcat/9.0.31]
2020-04-06 18:40:10.657  INFO 15244 --- [restartedMain] o.a.c.c.C.[Tomcat].[localhost].[/]       : Initializing Spring embedded WebApplicationContext
2020-04-06 18:40:10.657  INFO 15244 --- [restartedMain] o.s.web.context.ContextLoader            : Root WebApplicationContext: initialization completed in 983 ms
2020-04-06 18:40:11.130  INFO 15244 --- [restartedMain] o.s.s.concurrent.ThreadPoolTaskExecutor  : Initializing ExecutorService 'applicationTaskExecutor'
2020-04-06 18:40:11.178  INFO 15244 --- [restartedMain] o.s.b.a.w.s.WelcomePageHandlerMapping    : Adding welcome page template: index
2020-04-06 18:40:11.393  INFO 15244 --- [restartedMain] o.s.b.d.a.OptionalLiveReloadServer       : LiveReload server is running on port 35729
2020-04-06 18:40:11.442  INFO 15244 --- [restartedMain] o.s.b.w.embedded.tomcat.TomcatWebServer  : Tomcat started on port(s): 9999 (http) with context path ''
2020-04-06 18:40:11.444  INFO 15244 --- [restartedMain] l.m.community.CommunityApplication       : Started CommunityApplication in 2.101 seconds (JVM running for 3.95)
2020-04-06 18:43:26.478  INFO 15244 --- [Thread-11] o.s.s.concurrent.ThreadPoolTaskExecutor  : Shutting down ExecutorService 'applicationTaskExecutor'
2020-04-06 18:43:26.678  INFO 15244 --- [restartedMain] l.m.community.CommunityApplication       : Starting CommunityApplication on USER-20180906XE with PID 15244 (started by Administrator in D:\idea lujing\community\community)
2020-04-06 18:43:26.678  INFO 15244 --- [restartedMain] l.m.community.CommunityApplication       : No active profile set, falling back to default profiles: default
2020-04-06 18:43:27.337  INFO 15244 --- [restartedMain] o.s.b.w.embedded.tomcat.TomcatWebServer  : Tomcat initialized with port(s): 9999 (http)
2020-04-06 18:43:27.339  INFO 15244 --- [restartedMain] o.apache.catalina.core.StandardService   : Starting service [Tomcat]
2020-04-06 18:43:27.340  INFO 15244 --- [restartedMain] org.apache.catalina.core.StandardEngine  : Starting Servlet engine: [Apache Tomcat/9.0.31]
2020-04-06 18:43:27.398  INFO 15244 --- [restartedMain] o.a.c.c.C.[Tomcat].[localhost].[/]       : Initializing Spring embedded WebApplicationContext
2020-04-06 18:43:27.399  INFO 15244 --- [restartedMain] o.s.web.context.ContextLoader            : Root WebApplicationContext: initialization completed in 718 ms
2020-04-06 18:43:27.911  INFO 15244 --- [restartedMain] o.s.s.concurrent.ThreadPoolTaskExecutor  : Initializing ExecutorService 'applicationTaskExecutor'
2020-04-06 18:43:27.931  INFO 15244 --- [restartedMain] o.s.b.a.w.s.WelcomePageHandlerMapping    : Adding welcome page template: index
2020-04-06 18:43:28.126  INFO 15244 --- [restartedMain] o.s.b.d.a.OptionalLiveReloadServer       : LiveReload server is running on port 35729
2020-04-06 18:43:28.180  INFO 15244 --- [restartedMain] o.s.b.w.embedded.tomcat.TomcatWebServer  : Tomcat started on port(s): 9999 (http) with context path ''
2020-04-06 18:43:28.182  INFO 15244 --- [restartedMain] l.m.community.CommunityApplication       : Started CommunityApplication in 1.529 seconds (JVM running for 200.688)
2020-04-06 18:43:28.188  INFO 15244 --- [restartedMain] .ConditionEvaluationDeltaLoggingListener : Condition evaluation unchanged
2020-04-06 18:49:07.800  INFO 15244 --- [Thread-18] o.s.s.concurrent.ThreadPoolTaskExecutor  : Shutting down ExecutorService 'applicationTaskExecutor'
2020-04-06 18:49:07.979  INFO 15244 --- [restartedMain] l.m.community.CommunityApplication       : Starting CommunityApplication on USER-20180906XE with PID 15244 (started by Administrator in D:\idea lujing\community\community)
2020-04-06 18:49:07.979  INFO 15244 --- [restartedMain] l.m.community.CommunityApplication       : No active profile set, falling back to default profiles: default
2020-04-06 18:49:08.236  INFO 15244 --- [restartedMain] o.s.b.w.embedded.tomcat.TomcatWebServer  : Tomcat initialized with port(s): 9999 (http)
2020-04-06 18:49:08.237  INFO 15244 --- [restartedMain] o.apache.catalina.core.StandardService   : Starting service [Tomcat]
2020-04-06 18:49:08.237  INFO 15244 --- [restartedMain] org.apache.catalina.core.StandardEngine  : Starting Servlet engine: [Apache Tomcat/9.0.31]
2020-04-06 18:49:08.265  INFO 15244 --- [restartedMain] o.a.c.c.C.[Tomcat].[localhost].[/]       : Initializing Spring embedded WebApplicationContext
2020-04-06 18:49:08.265  INFO 15244 --- [restartedMain] o.s.web.context.ContextLoader            : Root WebApplicationContext: initialization completed in 284 ms
2020-04-06 18:49:08.393  INFO 15244 --- [restartedMain] o.s.s.concurrent.ThreadPoolTaskExecutor  : Initializing ExecutorService 'applicationTaskExecutor'
2020-04-06 18:49:08.403  INFO 15244 --- [restartedMain] o.s.b.a.w.s.WelcomePageHandlerMapping    : Adding welcome page template: index
2020-04-06 18:49:08.520  INFO 15244 --- [restartedMain] o.s.b.d.a.OptionalLiveReloadServer       : LiveReload server is running on port 35729
2020-04-06 18:49:08.546  INFO 15244 --- [restartedMain] o.s.b.w.embedded.tomcat.TomcatWebServer  : Tomcat started on port(s): 9999 (http) with context path ''
2020-04-06 18:49:08.546  INFO 15244 --- [restartedMain] l.m.community.CommunityApplication       : Started CommunityApplication in 0.588 seconds (JVM running for 541.053)
2020-04-06 18:49:08.547  INFO 15244 --- [restartedMain] .ConditionEvaluationDeltaLoggingListener : Condition evaluation unchanged
2020-04-06 18:49:13.436  INFO 15244 --- [Thread-23] o.s.s.concurrent.ThreadPoolTaskExecutor  : Shutting down ExecutorService 'applicationTaskExecutor'
2020-04-06 18:49:13.617  INFO 15244 --- [restartedMain] l.m.community.CommunityApplication       : Starting CommunityApplication on USER-20180906XE with PID 15244 (started by Administrator in D:\idea lujing\community\community)
2020-04-06 18:49:13.617  INFO 15244 --- [restartedMain] l.m.community.CommunityApplication       : No active profile set, falling back to default profiles: default
2020-04-06 18:49:13.836  INFO 15244 --- [restartedMain] o.s.b.w.embedded.tomcat.TomcatWebServer  : Tomcat initialized with port(s): 9999 (http)
2020-04-06 18:49:13.837  INFO 15244 --- [restartedMain] o.apache.catalina.core.StandardService   : Starting service [Tomcat]
2020-04-06 18:49:13.837  INFO 15244 --- [restartedMain] org.apache.catalina.core.StandardEngine  : Starting Servlet engine: [Apache Tomcat/9.0.31]
2020-04-06 18:49:13.864  INFO 15244 --- [restartedMain] o.a.c.c.C.[Tomcat].[localhost].[/]       : Initializing Spring embedded WebApplicationContext
2020-04-06 18:49:13.865  INFO 15244 --- [restartedMain] o.s.web.context.ContextLoader            : Root WebApplicationContext: initialization completed in 246 ms
2020-04-06 18:49:13.976  INFO 15244 --- [restartedMain] o.s.s.concurrent.ThreadPoolTaskExecutor  : Initializing ExecutorService 'applicationTaskExecutor'
2020-04-06 18:49:13.985  INFO 15244 --- [restartedMain] o.s.b.a.w.s.WelcomePageHandlerMapping    : Adding welcome page template: index
2020-04-06 18:49:14.096  INFO 15244 --- [restartedMain] o.s.b.d.a.OptionalLiveReloadServer       : LiveReload server is running on port 35729
2020-04-06 18:49:14.123  INFO 15244 --- [restartedMain] o.s.b.w.embedded.tomcat.TomcatWebServer  : Tomcat started on port(s): 9999 (http) with context path ''
2020-04-06 18:49:14.123  INFO 15244 --- [restartedMain] l.m.community.CommunityApplication       : Started CommunityApplication in 0.53 seconds (JVM running for 546.63)
2020-04-06 18:49:14.125  INFO 15244 --- [restartedMain] .ConditionEvaluationDeltaLoggingListener : Condition evaluation unchanged
2020-04-06 20:18:02.400  INFO 15244 --- [Thread-28] o.s.s.concurrent.ThreadPoolTaskExecutor  : Shutting down ExecutorService 'applicationTaskExecutor'
2020-04-06 20:18:02.563  INFO 15244 --- [restartedMain] l.m.community.CommunityApplication       : Starting CommunityApplication on USER-20180906XE with PID 15244 (started by Administrator in D:\idea lujing\community\community)
2020-04-06 20:18:02.563  INFO 15244 --- [restartedMain] l.m.community.CommunityApplication       : No active profile set, falling back to default profiles: default
2020-04-06 20:18:02.916  INFO 15244 --- [restartedMain] o.s.b.w.embedded.tomcat.TomcatWebServer  : Tomcat initialized with port(s): 9999 (http)
2020-04-06 20:18:02.917  INFO 15244 --- [restartedMain] o.apache.catalina.core.StandardService   : Starting service [Tomcat]
2020-04-06 20:18:02.917  INFO 15244 --- [restartedMain] org.apache.catalina.core.StandardEngine  : Starting Servlet engine: [Apache Tomcat/9.0.31]
2020-04-06 20:18:02.946  INFO 15244 --- [restartedMain] o.a.c.c.C.[Tomcat].[localhost].[/]       : Initializing Spring embedded WebApplicationContext
2020-04-06 20:18:02.947  INFO 15244 --- [restartedMain] o.s.web.context.ContextLoader            : Root WebApplicationContext: initialization completed in 382 ms
2020-04-06 20:18:03.234  INFO 15244 --- [restartedMain] o.s.s.concurrent.ThreadPoolTaskExecutor  : Initializing ExecutorService 'applicationTaskExecutor'
2020-04-06 20:18:03.248  INFO 15244 --- [restartedMain] o.s.b.a.w.s.WelcomePageHandlerMapping    : Adding welcome page template: index
2020-04-06 20:18:03.406  INFO 15244 --- [restartedMain] o.s.b.d.a.OptionalLiveReloadServer       : LiveReload server is running on port 35729
2020-04-06 20:18:03.451  INFO 15244 --- [restartedMain] o.s.b.w.embedded.tomcat.TomcatWebServer  : Tomcat started on port(s): 9999 (http) with context path ''
2020-04-06 20:18:03.452  INFO 15244 --- [restartedMain] l.m.community.CommunityApplication       : Started CommunityApplication in 0.912 seconds (JVM running for 5875.957)
2020-04-06 20:18:03.453  INFO 15244 --- [restartedMain] .ConditionEvaluationDeltaLoggingListener : Condition evaluation unchanged
2020-04-06 20:18:51.515  INFO 15244 --- [Thread-33] o.s.s.concurrent.ThreadPoolTaskExecutor  : Shutting down ExecutorService 'applicationTaskExecutor'
2020-04-06 20:18:51.796  INFO 15244 --- [restartedMain] l.m.community.CommunityApplication       : Starting CommunityApplication on USER-20180906XE with PID 15244 (started by Administrator in D:\idea lujing\community\community)
2020-04-06 20:18:51.797  INFO 15244 --- [restartedMain] l.m.community.CommunityApplication       : No active profile set, falling back to default profiles: default
2020-04-06 20:18:52.149  INFO 15244 --- [restartedMain] o.s.b.w.embedded.tomcat.TomcatWebServer  : Tomcat initialized with port(s): 9999 (http)
2020-04-06 20:18:52.150  INFO 15244 --- [restartedMain] o.apache.catalina.core.StandardService   : Starting service [Tomcat]
2020-04-06 20:18:52.150  INFO 15244 --- [restartedMain] org.apache.catalina.core.StandardEngine  : Starting Servlet engine: [Apache Tomcat/9.0.31]
2020-04-06 20:18:52.180  INFO 15244 --- [restartedMain] o.a.c.c.C.[Tomcat].[localhost].[/]       : Initializing Spring embedded WebApplicationContext
2020-04-06 20:18:52.180  INFO 15244 --- [restartedMain] o.s.web.context.ContextLoader            : Root WebApplicationContext: initialization completed in 380 ms
2020-04-06 20:18:52.295  INFO 15244 --- [restartedMain] o.s.s.concurrent.ThreadPoolTaskExecutor  : Initializing ExecutorService 'applicationTaskExecutor'
2020-04-06 20:18:52.304  INFO 15244 --- [restartedMain] o.s.b.a.w.s.WelcomePageHandlerMapping    : Adding welcome page template: index
2020-04-06 20:18:52.416  INFO 15244 --- [restartedMain] o.s.b.d.a.OptionalLiveReloadServer       : LiveReload server is running on port 35729
2020-04-06 20:18:52.449  INFO 15244 --- [restartedMain] o.s.b.w.embedded.tomcat.TomcatWebServer  : Tomcat started on port(s): 9999 (http) with context path ''
2020-04-06 20:18:52.449  INFO 15244 --- [restartedMain] l.m.community.CommunityApplication       : Started CommunityApplication in 0.695 seconds (JVM running for 5924.955)
2020-04-06 20:18:52.451  INFO 15244 --- [restartedMain] .ConditionEvaluationDeltaLoggingListener : Condition evaluation unchanged
2020-04-06 21:18:11.029  INFO 15244 --- [Thread-38] o.s.s.concurrent.ThreadPoolTaskExecutor  : Shutting down ExecutorService 'applicationTaskExecutor'
2020-04-06 21:18:11.325  INFO 15244 --- [restartedMain] l.m.community.CommunityApplication       : Starting CommunityApplication on USER-20180906XE with PID 15244 (started by Administrator in D:\idea lujing\community\community)
2020-04-06 21:18:11.325  INFO 15244 --- [restartedMain] l.m.community.CommunityApplication       : No active profile set, falling back to default profiles: default
2020-04-06 21:18:11.466  WARN 15244 --- [restartedMain] o.m.s.mapper.ClassPathMapperScanner      : No MyBatis mapper was found in '[life.majiang.community.mapper]' package. Please check your configuration.
2020-04-06 21:18:11.557  INFO 15244 --- [restartedMain] o.s.b.w.embedded.tomcat.TomcatWebServer  : Tomcat initialized with port(s): 9999 (http)
2020-04-06 21:18:11.558  INFO 15244 --- [restartedMain] o.apache.catalina.core.StandardService   : Starting service [Tomcat]
2020-04-06 21:18:11.558  INFO 15244 --- [restartedMain] org.apache.catalina.core.StandardEngine  : Starting Servlet engine: [Apache Tomcat/9.0.31]
2020-04-06 21:18:11.587  INFO 15244 --- [restartedMain] o.a.c.c.C.[Tomcat].[localhost].[/]       : Initializing Spring embedded WebApplicationContext
2020-04-06 21:18:11.587  INFO 15244 --- [restartedMain] o.s.web.context.ContextLoader            : Root WebApplicationContext: initialization completed in 260 ms
2020-04-06 21:18:11.636  INFO 15244 --- [restartedMain] o.s.s.concurrent.ThreadPoolTaskExecutor  : Initializing ExecutorService 'applicationTaskExecutor'
2020-04-06 21:18:11.647  INFO 15244 --- [restartedMain] o.s.b.a.w.s.WelcomePageHandlerMapping    : Adding welcome page template: index
2020-04-06 21:18:11.686  WARN 15244 --- [restartedMain] ConfigServletWebServerApplicationContext : Exception encountered during context initialization - cancelling refresh attempt: org.springframework.beans.factory.BeanCreationException: Error creating bean with name 'sqlSessionFactory' defined in class path resource [org/mybatis/spring/boot/autoconfigure/MybatisAutoConfiguration.class]: Bean instantiation via factory method failed; nested exception is org.springframework.beans.BeanInstantiationException: Failed to instantiate [org.apache.ibatis.session.SqlSessionFactory]: Factory method 'sqlSessionFactory' threw exception; nested exception is org.springframework.core.NestedIOException: Failed to parse mapping resource: 'file [D:\idea lujing\community\community\target\classes\mapper\CommentCustomMapper.xml]'; nested exception is org.apache.ibatis.builder.BuilderException: Error parsing Mapper XML. The XML location is 'file [D:\idea lujing\community\community\target\classes\mapper\CommentCustomMapper.xml]'. Cause: org.apache.ibatis.builder.BuilderException: Error resolving class. Cause: org.apache.ibatis.type.TypeException: Could not resolve type alias 'life.majiang.community.model.Comment'.  Cause: java.lang.ClassNotFoundException: Cannot find class: life.majiang.community.model.Comment
2020-04-06 21:18:11.686  INFO 15244 --- [restartedMain] o.s.s.concurrent.ThreadPoolTaskExecutor  : Shutting down ExecutorService 'applicationTaskExecutor'
2020-04-06 21:18:11.686  INFO 15244 --- [restartedMain] o.apache.catalina.core.StandardService   : Stopping service [Tomcat]
2020-04-06 21:18:11.691  INFO 15244 --- [restartedMain] ConditionEvaluationReportLoggingListener : 

Error starting ApplicationContext. To display the conditions report re-run your application with 'debug' enabled.
2020-04-06 21:18:11.701 ERROR 15244 --- [restartedMain] o.s.boot.SpringApplication               : Application run failed

org.springframework.beans.factory.BeanCreationException: Error creating bean with name 'sqlSessionFactory' defined in class path resource [org/mybatis/spring/boot/autoconfigure/MybatisAutoConfiguration.class]: Bean instantiation via factory method failed; nested exception is org.springframework.beans.BeanInstantiationException: Failed to instantiate [org.apache.ibatis.session.SqlSessionFactory]: Factory method 'sqlSessionFactory' threw exception; nested exception is org.springframework.core.NestedIOException: Failed to parse mapping resource: 'file [D:\idea lujing\community\community\target\classes\mapper\CommentCustomMapper.xml]'; nested exception is org.apache.ibatis.builder.BuilderException: Error parsing Mapper XML. The XML location is 'file [D:\idea lujing\community\community\target\classes\mapper\CommentCustomMapper.xml]'. Cause: org.apache.ibatis.builder.BuilderException: Error resolving class. Cause: org.apache.ibatis.type.TypeException: Could not resolve type alias 'life.majiang.community.model.Comment'.  Cause: java.lang.ClassNotFoundException: Cannot find class: life.majiang.community.model.Comment
	at org.springframework.beans.factory.support.ConstructorResolver.instantiate(ConstructorResolver.java:656) ~[spring-beans-5.2.4.RELEASE.jar:5.2.4.RELEASE]
	at org.springframework.beans.factory.support.ConstructorResolver.instantiateUsingFactoryMethod(ConstructorResolver.java:636) ~[spring-beans-5.2.4.RELEASE.jar:5.2.4.RELEASE]
	at org.springframework.beans.factory.support.AbstractAutowireCapableBeanFactory.instantiateUsingFactoryMethod(AbstractAutowireCapableBeanFactory.java:1338) ~[spring-beans-5.2.4.RELEASE.jar:5.2.4.RELEASE]
	at org.springframework.beans.factory.support.AbstractAutowireCapableBeanFactory.createBeanInstance(AbstractAutowireCapableBeanFactory.java:1177) ~[spring-beans-5.2.4.RELEASE.jar:5.2.4.RELEASE]
	at org.springframework.beans.factory.support.AbstractAutowireCapableBeanFactory.doCreateBean(AbstractAutowireCapableBeanFactory.java:557) ~[spring-beans-5.2.4.RELEASE.jar:5.2.4.RELEASE]
	at org.springframework.beans.factory.support.AbstractAutowireCapableBeanFactory.createBean(AbstractAutowireCapableBeanFactory.java:517) ~[spring-beans-5.2.4.RELEASE.jar:5.2.4.RELEASE]
	at org.springframework.beans.factory.support.AbstractBeanFactory.lambda$doGetBean$0(AbstractBeanFactory.java:323) ~[spring-beans-5.2.4.RELEASE.jar:5.2.4.RELEASE]
	at org.springframework.beans.factory.support.DefaultSingletonBeanRegistry.getSingleton(DefaultSingletonBeanRegistry.java:222) ~[spring-beans-5.2.4.RELEASE.jar:5.2.4.RELEASE]
	at org.springframework.beans.factory.support.AbstractBeanFactory.doGetBean(AbstractBeanFactory.java:321) ~[spring-beans-5.2.4.RELEASE.jar:5.2.4.RELEASE]
	at org.springframework.beans.factory.support.AbstractBeanFactory.getBean(AbstractBeanFactory.java:202) ~[spring-beans-5.2.4.RELEASE.jar:5.2.4.RELEASE]
	at org.springframework.beans.factory.support.DefaultListableBeanFactory.preInstantiateSingletons(DefaultListableBeanFactory.java:879) ~[spring-beans-5.2.4.RELEASE.jar:5.2.4.RELEASE]
	at org.springframework.context.support.AbstractApplicationContext.finishBeanFactoryInitialization(AbstractApplicationContext.java:878) ~[spring-context-5.2.4.RELEASE.jar:5.2.4.RELEASE]
	at org.springframework.context.support.AbstractApplicationContext.refresh(AbstractApplicationContext.java:550) ~[spring-context-5.2.4.RELEASE.jar:5.2.4.RELEASE]
	at org.springframework.boot.web.servlet.context.ServletWebServerApplicationContext.refresh(ServletWebServerApplicationContext.java:141) ~[spring-boot-2.2.5.RELEASE.jar:2.2.5.RELEASE]
	at org.springframework.boot.SpringApplication.refresh(SpringApplication.java:747) [spring-boot-2.2.5.RELEASE.jar:2.2.5.RELEASE]
	at org.springframework.boot.SpringApplication.refreshContext(SpringApplication.java:397) [spring-boot-2.2.5.RELEASE.jar:2.2.5.RELEASE]
	at org.springframework.boot.SpringApplication.run(SpringApplication.java:315) [spring-boot-2.2.5.RELEASE.jar:2.2.5.RELEASE]
	at org.springframework.boot.SpringApplication.run(SpringApplication.java:1226) [spring-boot-2.2.5.RELEASE.jar:2.2.5.RELEASE]
	at org.springframework.boot.SpringApplication.run(SpringApplication.java:1215) [spring-boot-2.2.5.RELEASE.jar:2.2.5.RELEASE]
	at life.majiang.community.CommunityApplication.main(CommunityApplication.java:12) [classes/:na]
	at sun.reflect.NativeMethodAccessorImpl.invoke0(Native Method) ~[na:1.8.0_101]
	at sun.reflect.NativeMethodAccessorImpl.invoke(NativeMethodAccessorImpl.java:62) ~[na:1.8.0_101]
	at sun.reflect.DelegatingMethodAccessorImpl.invoke(DelegatingMethodAccessorImpl.java:43) ~[na:1.8.0_101]
	at java.lang.reflect.Method.invoke(Method.java:498) ~[na:1.8.0_101]
	at org.springframework.boot.devtools.restart.RestartLauncher.run(RestartLauncher.java:49) [spring-boot-devtools-2.2.5.RELEASE.jar:2.2.5.RELEASE]
Caused by: org.springframework.beans.BeanInstantiationException: Failed to instantiate [org.apache.ibatis.session.SqlSessionFactory]: Factory method 'sqlSessionFactory' threw exception; nested exception is org.springframework.core.NestedIOException: Failed to parse mapping resource: 'file [D:\idea lujing\community\community\target\classes\mapper\CommentCustomMapper.xml]'; nested exception is org.apache.ibatis.builder.BuilderException: Error parsing Mapper XML. The XML location is 'file [D:\idea lujing\community\community\target\classes\mapper\CommentCustomMapper.xml]'. Cause: org.apache.ibatis.builder.BuilderException: Error resolving class. Cause: org.apache.ibatis.type.TypeException: Could not resolve type alias 'life.majiang.community.model.Comment'.  Cause: java.lang.ClassNotFoundException: Cannot find class: life.majiang.community.model.Comment
	at org.springframework.beans.factory.support.SimpleInstantiationStrategy.instantiate(SimpleInstantiationStrategy.java:185) ~[spring-beans-5.2.4.RELEASE.jar:5.2.4.RELEASE]
	at org.springframework.beans.factory.support.ConstructorResolver.instantiate(ConstructorResolver.java:651) ~[spring-beans-5.2.4.RELEASE.jar:5.2.4.RELEASE]
	... 24 common frames omitted
Caused by: org.springframework.core.NestedIOException: Failed to parse mapping resource: 'file [D:\idea lujing\community\community\target\classes\mapper\CommentCustomMapper.xml]'; nested exception is org.apache.ibatis.builder.BuilderException: Error parsing Mapper XML. The XML location is 'file [D:\idea lujing\community\community\target\classes\mapper\CommentCustomMapper.xml]'. Cause: org.apache.ibatis.builder.BuilderException: Error resolving class. Cause: org.apache.ibatis.type.TypeException: Could not resolve type alias 'life.majiang.community.model.Comment'.  Cause: java.lang.ClassNotFoundException: Cannot find class: life.majiang.community.model.Comment
	at org.mybatis.spring.SqlSessionFactoryBean.buildSqlSessionFactory(SqlSessionFactoryBean.java:595) ~[mybatis-spring-2.0.3.jar:2.0.3]
	at org.mybatis.spring.SqlSessionFactoryBean.afterPropertiesSet(SqlSessionFactoryBean.java:475) ~[mybatis-spring-2.0.3.jar:2.0.3]
	at org.mybatis.spring.SqlSessionFactoryBean.getObject(SqlSessionFactoryBean.java:615) ~[mybatis-spring-2.0.3.jar:2.0.3]
	at org.mybatis.spring.boot.autoconfigure.MybatisAutoConfiguration.sqlSessionFactory(MybatisAutoConfiguration.java:180) ~[mybatis-spring-boot-autoconfigure-2.1.1.jar:2.1.1]
	at org.mybatis.spring.boot.autoconfigure.MybatisAutoConfiguration$$EnhancerBySpringCGLIB$$c611c538.CGLIB$sqlSessionFactory$1(<generated>) ~[mybatis-spring-boot-autoconfigure-2.1.1.jar:2.1.1]
	at org.mybatis.spring.boot.autoconfigure.MybatisAutoConfiguration$$EnhancerBySpringCGLIB$$c611c538$$FastClassBySpringCGLIB$$7a0dd458.invoke(<generated>) ~[mybatis-spring-boot-autoconfigure-2.1.1.jar:2.1.1]
	at org.springframework.cglib.proxy.MethodProxy.invokeSuper(MethodProxy.java:244) ~[spring-core-5.2.4.RELEASE.jar:5.2.4.RELEASE]
	at org.springframework.context.annotation.ConfigurationClassEnhancer$BeanMethodInterceptor.intercept(ConfigurationClassEnhancer.java:331) ~[spring-context-5.2.4.RELEASE.jar:5.2.4.RELEASE]
	at org.mybatis.spring.boot.autoconfigure.MybatisAutoConfiguration$$EnhancerBySpringCGLIB$$c611c538.sqlSessionFactory(<generated>) ~[mybatis-spring-boot-autoconfigure-2.1.1.jar:2.1.1]
	at sun.reflect.NativeMethodAccessorImpl.invoke0(Native Method) ~[na:1.8.0_101]
	at sun.reflect.NativeMethodAccessorImpl.invoke(NativeMethodAccessorImpl.java:62) ~[na:1.8.0_101]
	at sun.reflect.DelegatingMethodAccessorImpl.invoke(DelegatingMethodAccessorImpl.java:43) ~[na:1.8.0_101]
	at java.lang.reflect.Method.invoke(Method.java:498) ~[na:1.8.0_101]
	at org.springframework.beans.factory.support.SimpleInstantiationStrategy.instantiate(SimpleInstantiationStrategy.java:154) ~[spring-beans-5.2.4.RELEASE.jar:5.2.4.RELEASE]
	... 25 common frames omitted
Caused by: org.apache.ibatis.builder.BuilderException: Error parsing Mapper XML. The XML location is 'file [D:\idea lujing\community\community\target\classes\mapper\CommentCustomMapper.xml]'. Cause: org.apache.ibatis.builder.BuilderException: Error resolving class. Cause: org.apache.ibatis.type.TypeException: Could not resolve type alias 'life.majiang.community.model.Comment'.  Cause: java.lang.ClassNotFoundException: Cannot find class: life.majiang.community.model.Comment
	at org.apache.ibatis.builder.xml.XMLMapperBuilder.configurationElement(XMLMapperBuilder.java:122) ~[mybatis-3.5.3.jar:3.5.3]
	at org.apache.ibatis.builder.xml.XMLMapperBuilder.parse(XMLMapperBuilder.java:94) ~[mybatis-3.5.3.jar:3.5.3]
	at org.mybatis.spring.SqlSessionFactoryBean.buildSqlSessionFactory(SqlSessionFactoryBean.java:593) ~[mybatis-spring-2.0.3.jar:2.0.3]
	... 38 common frames omitted
Caused by: org.apache.ibatis.builder.BuilderException: Error resolving class. Cause: org.apache.ibatis.type.TypeException: Could not resolve type alias 'life.majiang.community.model.Comment'.  Cause: java.lang.ClassNotFoundException: Cannot find class: life.majiang.community.model.Comment
	at org.apache.ibatis.builder.BaseBuilder.resolveClass(BaseBuilder.java:118) ~[mybatis-3.5.3.jar:3.5.3]
	at org.apache.ibatis.builder.xml.XMLMapperBuilder.resultMapElement(XMLMapperBuilder.java:262) ~[mybatis-3.5.3.jar:3.5.3]
	at org.apache.ibatis.builder.xml.XMLMapperBuilder.resultMapElement(XMLMapperBuilder.java:253) ~[mybatis-3.5.3.jar:3.5.3]
	at org.apache.ibatis.builder.xml.XMLMapperBuilder.resultMapElements(XMLMapperBuilder.java:245) ~[mybatis-3.5.3.jar:3.5.3]
	at org.apache.ibatis.builder.xml.XMLMapperBuilder.configurationElement(XMLMapperBuilder.java:118) ~[mybatis-3.5.3.jar:3.5.3]
	... 40 common frames omitted
Caused by: org.apache.ibatis.type.TypeException: Could not resolve type alias 'life.majiang.community.model.Comment'.  Cause: java.lang.ClassNotFoundException: Cannot find class: life.majiang.community.model.Comment
	at org.apache.ibatis.type.TypeAliasRegistry.resolveAlias(TypeAliasRegistry.java:120) ~[mybatis-3.5.3.jar:3.5.3]
	at org.apache.ibatis.builder.BaseBuilder.resolveAlias(BaseBuilder.java:149) ~[mybatis-3.5.3.jar:3.5.3]
	at org.apache.ibatis.builder.BaseBuilder.resolveClass(BaseBuilder.java:116) ~[mybatis-3.5.3.jar:3.5.3]
	... 44 common frames omitted
Caused by: java.lang.ClassNotFoundException: Cannot find class: life.majiang.community.model.Comment
	at org.apache.ibatis.io.ClassLoaderWrapper.classForName(ClassLoaderWrapper.java:200) ~[mybatis-3.5.3.jar:3.5.3]
	at org.apache.ibatis.io.ClassLoaderWrapper.classForName(ClassLoaderWrapper.java:89) ~[mybatis-3.5.3.jar:3.5.3]
	at org.apache.ibatis.io.Resources.classForName(Resources.java:261) ~[mybatis-3.5.3.jar:3.5.3]
	at org.apache.ibatis.type.TypeAliasRegistry.resolveAlias(TypeAliasRegistry.java:116) ~[mybatis-3.5.3.jar:3.5.3]
	... 46 common frames omitted

2020-04-06 21:18:19.139  INFO 15244 --- [restartedMain] l.m.community.CommunityApplication       : Starting CommunityApplication on USER-20180906XE with PID 15244 (started by Administrator in D:\idea lujing\community\community)
2020-04-06 21:18:19.139  INFO 15244 --- [restartedMain] l.m.community.CommunityApplication       : No active profile set, falling back to default profiles: default
2020-04-06 21:18:19.399  INFO 15244 --- [restartedMain] o.s.b.w.embedded.tomcat.TomcatWebServer  : Tomcat initialized with port(s): 9999 (http)
2020-04-06 21:18:19.400  INFO 15244 --- [restartedMain] o.apache.catalina.core.StandardService   : Starting service [Tomcat]
2020-04-06 21:18:19.400  INFO 15244 --- [restartedMain] org.apache.catalina.core.StandardEngine  : Starting Servlet engine: [Apache Tomcat/9.0.31]
2020-04-06 21:18:19.429  INFO 15244 --- [restartedMain] o.a.c.c.C.[Tomcat-1].[localhost].[/]     : Initializing Spring embedded WebApplicationContext
2020-04-06 21:18:19.429  INFO 15244 --- [restartedMain] o.s.web.context.ContextLoader            : Root WebApplicationContext: initialization completed in 287 ms
2020-04-06 21:18:19.588  INFO 15244 --- [restartedMain] o.s.s.concurrent.ThreadPoolTaskExecutor  : Initializing ExecutorService 'applicationTaskExecutor'
2020-04-06 21:18:19.599  INFO 15244 --- [restartedMain] o.s.b.a.w.s.WelcomePageHandlerMapping    : Adding welcome page template: index
2020-04-06 21:18:19.718  INFO 15244 --- [restartedMain] o.s.b.d.a.OptionalLiveReloadServer       : LiveReload server is running on port 35729
2020-04-06 21:18:19.753  INFO 15244 --- [restartedMain] o.s.b.w.embedded.tomcat.TomcatWebServer  : Tomcat started on port(s): 9999 (http) with context path ''
2020-04-06 21:18:19.754  INFO 15244 --- [restartedMain] l.m.community.CommunityApplication       : Started CommunityApplication in 0.644 seconds (JVM running for 9492.26)
2020-04-06 21:18:19.755  INFO 15244 --- [restartedMain] .ConditionEvaluationDeltaLoggingListener : Condition evaluation unchanged
2020-04-06 21:18:26.330  INFO 8908 --- [main] l.m.community.CommunityApplicationTests  : Starting CommunityApplicationTests on USER-20180906XE with PID 8908 (started by Administrator in D:\idea lujing\community\community)
2020-04-06 21:18:26.337  INFO 8908 --- [main] l.m.community.CommunityApplicationTests  : No active profile set, falling back to default profiles: default
2020-04-06 21:18:31.964  INFO 8908 --- [main] o.s.s.concurrent.ThreadPoolTaskExecutor  : Initializing ExecutorService 'applicationTaskExecutor'
2020-04-06 21:18:32.565  INFO 8908 --- [main] o.s.b.a.w.s.WelcomePageHandlerMapping    : Adding welcome page template: index
2020-04-06 21:18:33.187  INFO 8908 --- [main] l.m.community.CommunityApplicationTests  : Started CommunityApplicationTests in 7.457 seconds (JVM running for 9.767)
2020-04-06 21:18:33.811  INFO 8908 --- [SpringContextShutdownHook] o.s.s.concurrent.ThreadPoolTaskExecutor  : Shutting down ExecutorService 'applicationTaskExecutor'
2020-04-06 21:19:34.492  INFO 15244 --- [Thread-43] o.s.s.concurrent.ThreadPoolTaskExecutor  : Shutting down ExecutorService 'applicationTaskExecutor'
2020-04-06 21:19:34.792  INFO 15244 --- [restartedMain] l.m.community.CommunityApplication       : Starting CommunityApplication on USER-20180906XE with PID 15244 (started by Administrator in D:\idea lujing\community\community)
2020-04-06 21:19:34.792  INFO 15244 --- [restartedMain] l.m.community.CommunityApplication       : No active profile set, falling back to default profiles: default
2020-04-06 21:19:35.080  INFO 15244 --- [restartedMain] o.s.b.w.embedded.tomcat.TomcatWebServer  : Tomcat initialized with port(s): 9999 (http)
2020-04-06 21:19:35.081  INFO 15244 --- [restartedMain] o.apache.catalina.core.StandardService   : Starting service [Tomcat]
2020-04-06 21:19:35.081  INFO 15244 --- [restartedMain] org.apache.catalina.core.StandardEngine  : Starting Servlet engine: [Apache Tomcat/9.0.31]
2020-04-06 21:19:35.113  INFO 15244 --- [restartedMain] o.a.c.c.C.[Tomcat-1].[localhost].[/]     : Initializing Spring embedded WebApplicationContext
2020-04-06 21:19:35.113  INFO 15244 --- [restartedMain] o.s.web.context.ContextLoader            : Root WebApplicationContext: initialization completed in 317 ms
2020-04-06 21:19:35.249  INFO 15244 --- [restartedMain] o.s.s.concurrent.ThreadPoolTaskExecutor  : Initializing ExecutorService 'applicationTaskExecutor'
2020-04-06 21:19:35.261  INFO 15244 --- [restartedMain] o.s.b.a.w.s.WelcomePageHandlerMapping    : Adding welcome page template: index
2020-04-06 21:19:35.383  INFO 15244 --- [restartedMain] o.s.b.d.a.OptionalLiveReloadServer       : LiveReload server is running on port 35729
2020-04-06 21:19:35.434  INFO 15244 --- [restartedMain] o.s.b.w.embedded.tomcat.TomcatWebServer  : Tomcat started on port(s): 9999 (http) with context path ''
2020-04-06 21:19:35.435  INFO 15244 --- [restartedMain] l.m.community.CommunityApplication       : Started CommunityApplication in 0.673 seconds (JVM running for 9567.941)
2020-04-06 21:19:35.439  INFO 15244 --- [restartedMain] .ConditionEvaluationDeltaLoggingListener : Condition evaluation unchanged
